<?xml version="1.0" encoding="UTF-8"?>
<!-- Generated by org.testng.reporters.JUnitXMLReporter -->
<testsuite ignored="0" hostname="Sashas-MacBook-Pro.local" failures="1" tests="9" name="Surefire test" time="6.23" errors="0" timestamp="02 Oct 2020 10:16:32 GMT">
  <testcase classname="FirstApiTest" name="listOfUsers_GET" time="2.343"/>
  <testcase classname="FirstApiTest" name="registerUser_POST" time="0.329"/>
  <testcase classname="FirstApiTest" name="testGet" time="0.338"/>
  <testcase classname="FirstApiTest" name="testPOST" time="0.374"/>
  <testcase classname="FirstApiTest" name="testPrivat_id1_GET" time="1.12"/>
  <testcase classname="FirstApiTest" name="testPrivat_id5_GET" time="0.547"/>
  <testcase classname="FirstApiTest" name="testWeatherLondon2_GET" time="0.216">
    <failure type="java.lang.AssertionError" message="1 expectation failed.
JSON path weather.id[0] doesn&amp;apos;t match.
Expected: &amp;lt;501&amp;gt;
  Actual: 500
">
      <![CDATA[java.lang.AssertionError: 1 expectation failed.
JSON path weather.id[0] doesn't match.
Expected: <501>
  Actual: 500

at org.codehaus.groovy.runtime.callsite.ConstructorSite$ConstructorSiteNoUnwrap.callConstructor(ConstructorSite.java:84)
at org.codehaus.groovy.runtime.callsite.CallSiteArray.defaultCallConstructor(CallSiteArray.java:60)
at org.codehaus.groovy.runtime.callsite.AbstractCallSite.callConstructor(AbstractCallSite.java:235)
at org.codehaus.groovy.runtime.callsite.AbstractCallSite.callConstructor(AbstractCallSite.java:247)
at io.restassured.internal.ResponseSpecificationImpl$HamcrestAssertionClosure.validate(ResponseSpecificationImpl.groovy:483)
at io.restassured.internal.ResponseSpecificationImpl$HamcrestAssertionClosure$validate$1.call(Unknown Source)
at io.restassured.internal.ResponseSpecificationImpl.validateResponseIfRequired(ResponseSpecificationImpl.groovy:655)
at org.codehaus.groovy.runtime.callsite.PogoMetaMethodSite$PogoCachedMethodSiteNoUnwrapNoCoerce.invoke(PogoMetaMethodSite.java:210)
at org.codehaus.groovy.runtime.callsite.PogoMetaMethodSite.callCurrent(PogoMetaMethodSite.java:59)
at org.codehaus.groovy.runtime.callsite.AbstractCallSite.callCurrent(AbstractCallSite.java:166)
at io.restassured.internal.ResponseSpecificationImpl.content(ResponseSpecificationImpl.groovy:275)
at io.restassured.specification.ResponseSpecification$content$1.callCurrent(Unknown Source)
at io.restassured.internal.ResponseSpecificationImpl.body(ResponseSpecificationImpl.groovy:258)
at io.restassured.internal.ValidatableResponseOptionsImpl.body(ValidatableResponseOptionsImpl.java:274)
at FirstApiTest.testWeatherLondon2_GET(FirstApiTest.java:84)
... Removed 39 stack frames]]>
    </failure>
  </testcase> <!-- testWeatherLondon2_GET -->
  <testcase classname="FirstApiTest" name="testWeatherLondon_GET" time="0.246"/>
  <testcase classname="FirstApiTest" name="userError_GET" time="0.548"/>
</testsuite> <!-- Surefire test -->
